<?xml version="1.0" encoding="UTF-8"?>
<!-- Generated by org.testng.reporters.JUnitReportReporter -->
<testsuite hostname="P0193521" failures="0" tests="1" name="Cucumber.TestngTestRunner" time="24.360" errors="0" timestamp="2022-12-14T16:38:03 IST" skipped="0">
  <testcase classname="Cucumber.TestngTestRunner" name="runScenario" time="24.360"/>
  <system-out/>
</testsuite> <!-- Cucumber.TestngTestRunner -->
